<?xml version="1.0" encoding="UTF-8"?>
<testng-results total="1" passed="1" failed="0" skipped="0">
  <reporter-output>
  </reporter-output>
  <suite started-at="2021-11-03T06:12:19Z" name="Default suite" finished-at="2021-11-03T06:16:03Z" duration-ms="224327">
    <groups>
    </groups>
    <test started-at="2021-11-03T06:12:19Z" name="Default test" finished-at="2021-11-03T06:16:03Z" duration-ms="224327">
      <class name="HomePageTest">
        <test-method is-config="true" signature="initialize()[pri:0, instance:HomePageTest@21129f1f]" started-at="2021-11-03T11:42:19Z" name="initialize" finished-at="2021-11-03T11:43:20Z" duration-ms="61246" status="PASS">
          <reporter-output>
          </reporter-output>
        </test-method> <!-- initialize -->
        <test-method signature="Search()[pri:0, instance:HomePageTest@21129f1f]" started-at="2021-11-03T11:43:20Z" name="Search" finished-at="2021-11-03T11:45:44Z" duration-ms="144392" status="PASS">
          <reporter-output>
          </reporter-output>
        </test-method> <!-- Search -->
        <test-method is-config="true" signature="teardown()[pri:0, instance:HomePageTest@21129f1f]" started-at="2021-11-03T11:45:44Z" name="teardown" finished-at="2021-11-03T11:46:03Z" duration-ms="18666" status="PASS">
          <reporter-output>
          </reporter-output>
        </test-method> <!-- teardown -->
      </class> <!-- HomePageTest -->
    </test> <!-- Default test -->
  </suite> <!-- Default suite -->
</testng-results>
